  DyPch.cpp
  Application.cpp
E:\Github\DyEngine\DyEngine\DyEngine\src\DyEngine\Events\Event.h(1,1): warning C4819: 该文件包含不能在当前代码页(936)中表示的字符。请将该文件保存为 Unicode 格式以防止数据丢失
E:\Github\DyEngine\DyEngine\DyEngine\src\DyEngine\Core.h(14,1): warning C4005: “DY_ENABLE_ASSERTS”: 宏重定义
E:\Github\DyEngine\DyEngine\DyEngine\src\DyPch.cpp : message : 参见“DY_ENABLE_ASSERTS”的前一个定义
E:\Github\DyEngine\DyEngine\DyEngine\src\DyEngine\Log.h(19,42): warning C4251: “DyEngine::Log::s_CoreLogger”: class“std::shared_ptr<spdlog::logger>”需要有 dll 接口由 class“DyEngine::Log”的客户端使用
E:\Github\DyEngine\DyEngine\vendor\spdlog\include\spdlog\details\registry.h(34): message : 参见“std::shared_ptr<spdlog::logger>”的声明
E:\Github\DyEngine\DyEngine\DyEngine\src\DyEngine\Log.h(20,42): warning C4251: “DyEngine::Log::s_ClintLogger”: class“std::shared_ptr<spdlog::logger>”需要有 dll 接口由 class“DyEngine::Log”的客户端使用
E:\Github\DyEngine\DyEngine\vendor\spdlog\include\spdlog\details\registry.h(34): message : 参见“std::shared_ptr<spdlog::logger>”的声明
E:\Github\DyEngine\DyEngine\DyEngine\src\DyEngine\Layer.h(24,15): warning C4251: “DyEngine::Layer::m_DebugName”: class“std::basic_string<char,std::char_traits<char>,std::allocator<char>>”需要有 dll 接口由 class“DyEngine::Layer”的客户端使用
C:\Program Files (x86)\Microsoft Visual Studio\2019\Community\VC\Tools\MSVC\14.29.30133\include\xstring(4871): message : 参见“std::basic_string<char,std::char_traits<char>,std::allocator<char>>”的声明
E:\Github\DyEngine\DyEngine\DyEngine\src\DyEngine\LayerStack.h(24,22): warning C4251: “DyEngine::LayerStack::m_Layers”: class“std::vector<DyEngine::Layer *,std::allocator<DyEngine::Layer *>>”需要有 dll 接口由 class“DyEngine::LayerStack”的客户端使用
E:\Github\DyEngine\DyEngine\DyEngine\src\DyEngine\LayerStack.h(20): message : 参见“std::vector<DyEngine::Layer *,std::allocator<DyEngine::Layer *>>”的声明
E:\Github\DyEngine\DyEngine\DyEngine\src\DyEngine\LayerStack.h(25,33): warning C4251: “DyEngine::LayerStack::m_LayerInsert”: class“std::_Vector_iterator<std::_Vector_val<std::_Simple_types<_Ty>>>”需要有 dll 接口由 class“DyEngine::LayerStack”的客户端使用
          with
          [
              _Ty=DyEngine::Layer *
          ]
C:\Program Files (x86)\Microsoft Visual Studio\2019\Community\VC\Tools\MSVC\14.29.30133\include\vector(457): message : 参见“std::_Vector_iterator<std::_Vector_val<std::_Simple_types<_Ty>>>”的声明
          with
          [
              _Ty=DyEngine::Layer *
          ]
E:\Github\DyEngine\DyEngine\DyEngine\src\DyEngine\Application.h(30,27): warning C4251: “DyEngine::Application::m_Window”: class“std::unique_ptr<DyEngine::Window,std::default_delete<DyEngine::Window>>”需要有 dll 接口由 class“DyEngine::Application”的客户端使用
E:\Github\DyEngine\DyEngine\DyEngine\src\DyEngine\Application.h(30): message : 参见“std::unique_ptr<DyEngine::Window,std::default_delete<DyEngine::Window>>”的声明
  imgui.cpp
  ImGuiLayer.cpp
E:\Github\DyEngine\DyEngine\DyEngine\src\DyEngine\Core.h(14,1): warning C4005: “DY_ENABLE_ASSERTS”: 宏重定义
E:\Github\DyEngine\DyEngine\DyEngine\src\DyPch.cpp : message : 参见“DY_ENABLE_ASSERTS”的前一个定义
E:\Github\DyEngine\DyEngine\DyEngine\src\DyEngine\Events\Event.h(1,1): warning C4819: 该文件包含不能在当前代码页(936)中表示的字符。请将该文件保存为 Unicode 格式以防止数据丢失
E:\Github\DyEngine\DyEngine\DyEngine\src\DyEngine\Layer.h(24,15): warning C4251: “DyEngine::Layer::m_DebugName”: class“std::basic_string<char,std::char_traits<char>,std::allocator<char>>”需要有 dll 接口由 class“DyEngine::Layer”的客户端使用
C:\Program Files (x86)\Microsoft Visual Studio\2019\Community\VC\Tools\MSVC\14.29.30133\include\xstring(4871): message : 参见“std::basic_string<char,std::char_traits<char>,std::allocator<char>>”的声明
E:\Github\DyEngine\DyEngine\DyEngine\src\DyEngine\Events\KeyEvent.h(14,2): warning C4275: 非 dll 接口 class“DyEngine::Event”用作 dll 接口 class“DyEngine::KeyEvent”的基
E:\Github\DyEngine\DyEngine\DyEngine\src\DyEngine\Events\Event.h(56): message : 参见“DyEngine::Event”的声明
E:\Github\DyEngine\DyEngine\DyEngine\src\DyEngine\Events\KeyEvent.h(13): message : 参见“DyEngine::KeyEvent”的声明
E:\Github\DyEngine\DyEngine\DyEngine\src\DyEngine\Log.h(19,42): warning C4251: “DyEngine::Log::s_CoreLogger”: class“std::shared_ptr<spdlog::logger>”需要有 dll 接口由 class“DyEngine::Log”的客户端使用
E:\Github\DyEngine\DyEngine\vendor\spdlog\include\spdlog\details\registry.h(34): message : 参见“std::shared_ptr<spdlog::logger>”的声明
E:\Github\DyEngine\DyEngine\DyEngine\src\DyEngine\Log.h(20,42): warning C4251: “DyEngine::Log::s_ClintLogger”: class“std::shared_ptr<spdlog::logger>”需要有 dll 接口由 class“DyEngine::Log”的客户端使用
E:\Github\DyEngine\DyEngine\vendor\spdlog\include\spdlog\details\registry.h(34): message : 参见“std::shared_ptr<spdlog::logger>”的声明
E:\Github\DyEngine\DyEngine\DyEngine\src\DyEngine\LayerStack.h(24,22): warning C4251: “DyEngine::LayerStack::m_Layers”: class“std::vector<DyEngine::Layer *,std::allocator<DyEngine::Layer *>>”需要有 dll 接口由 class“DyEngine::LayerStack”的客户端使用
E:\Github\DyEngine\DyEngine\DyEngine\src\DyEngine\LayerStack.h(20): message : 参见“std::vector<DyEngine::Layer *,std::allocator<DyEngine::Layer *>>”的声明
E:\Github\DyEngine\DyEngine\DyEngine\src\DyEngine\LayerStack.h(25,33): warning C4251: “DyEngine::LayerStack::m_LayerInsert”: class“std::_Vector_iterator<std::_Vector_val<std::_Simple_types<_Ty>>>”需要有 dll 接口由 class“DyEngine::LayerStack”的客户端使用
          with
          [
              _Ty=DyEngine::Layer *
          ]
C:\Program Files (x86)\Microsoft Visual Studio\2019\Community\VC\Tools\MSVC\14.29.30133\include\vector(457): message : 参见“std::_Vector_iterator<std::_Vector_val<std::_Simple_types<_Ty>>>”的声明
          with
          [
              _Ty=DyEngine::Layer *
          ]
E:\Github\DyEngine\DyEngine\DyEngine\src\DyEngine\Application.h(30,27): warning C4251: “DyEngine::Application::m_Window”: class“std::unique_ptr<DyEngine::Window,std::default_delete<DyEngine::Window>>”需要有 dll 接口由 class“DyEngine::Application”的客户端使用
E:\Github\DyEngine\DyEngine\DyEngine\src\DyEngine\Application.h(30): message : 参见“std::unique_ptr<DyEngine::Window,std::default_delete<DyEngine::Window>>”的声明
E:\Github\DyEngine\DyEngine\DyEngine\src\DyEngine\ImGui\ImGuiLayer.cpp(29,79): warning C4244: “参数”: 从“unsigned int”转换到“float”，可能丢失数据
E:\Github\DyEngine\DyEngine\DyEngine\src\DyEngine\ImGui\ImGuiLayer.cpp(29,51): warning C4244: “参数”: 从“unsigned int”转换到“float”，可能丢失数据
E:\Github\DyEngine\DyEngine\DyEngine\src\DyEngine\ImGui\ImGuiLayer.cpp(147,52): warning C4244: “参数”: 从“unsigned int”转换到“float”，可能丢失数据
E:\Github\DyEngine\DyEngine\DyEngine\src\DyEngine\ImGui\ImGuiLayer.cpp(147,37): warning C4244: “参数”: 从“unsigned int”转换到“float”，可能丢失数据
  Layer.cpp
E:\Github\DyEngine\DyEngine\DyEngine\src\DyEngine\Core.h(14,1): warning C4005: “DY_ENABLE_ASSERTS”: 宏重定义
E:\Github\DyEngine\DyEngine\DyEngine\src\DyPch.cpp : message : 参见“DY_ENABLE_ASSERTS”的前一个定义
E:\Github\DyEngine\DyEngine\DyEngine\src\DyEngine\Events\Event.h(1,1): warning C4819: 该文件包含不能在当前代码页(936)中表示的字符。请将该文件保存为 Unicode 格式以防止数据丢失
E:\Github\DyEngine\DyEngine\DyEngine\src\DyEngine\Layer.h(24,15): warning C4251: “DyEngine::Layer::m_DebugName”: class“std::basic_string<char,std::char_traits<char>,std::allocator<char>>”需要有 dll 接口由 class“DyEngine::Layer”的客户端使用
C:\Program Files (x86)\Microsoft Visual Studio\2019\Community\VC\Tools\MSVC\14.29.30133\include\xstring(4871): message : 参见“std::basic_string<char,std::char_traits<char>,std::allocator<char>>”的声明
  LayerStack.cpp
E:\Github\DyEngine\DyEngine\DyEngine\src\DyEngine\Core.h(14,1): warning C4005: “DY_ENABLE_ASSERTS”: 宏重定义
E:\Github\DyEngine\DyEngine\DyEngine\src\DyPch.cpp : message : 参见“DY_ENABLE_ASSERTS”的前一个定义
E:\Github\DyEngine\DyEngine\DyEngine\src\DyEngine\Events\Event.h(1,1): warning C4819: 该文件包含不能在当前代码页(936)中表示的字符。请将该文件保存为 Unicode 格式以防止数据丢失
E:\Github\DyEngine\DyEngine\DyEngine\src\DyEngine\Layer.h(24,15): warning C4251: “DyEngine::Layer::m_DebugName”: class“std::basic_string<char,std::char_traits<char>,std::allocator<char>>”需要有 dll 接口由 class“DyEngine::Layer”的客户端使用
C:\Program Files (x86)\Microsoft Visual Studio\2019\Community\VC\Tools\MSVC\14.29.30133\include\xstring(4871): message : 参见“std::basic_string<char,std::char_traits<char>,std::allocator<char>>”的声明
E:\Github\DyEngine\DyEngine\DyEngine\src\DyEngine\LayerStack.h(24,22): warning C4251: “DyEngine::LayerStack::m_Layers”: class“std::vector<DyEngine::Layer *,std::allocator<DyEngine::Layer *>>”需要有 dll 接口由 class“DyEngine::LayerStack”的客户端使用
E:\Github\DyEngine\DyEngine\DyEngine\src\DyEngine\LayerStack.h(20): message : 参见“std::vector<DyEngine::Layer *,std::allocator<DyEngine::Layer *>>”的声明
E:\Github\DyEngine\DyEngine\DyEngine\src\DyEngine\LayerStack.h(25,33): warning C4251: “DyEngine::LayerStack::m_LayerInsert”: class“std::_Vector_iterator<std::_Vector_val<std::_Simple_types<_Ty>>>”需要有 dll 接口由 class“DyEngine::LayerStack”的客户端使用
          with
          [
              _Ty=DyEngine::Layer *
          ]
C:\Program Files (x86)\Microsoft Visual Studio\2019\Community\VC\Tools\MSVC\14.29.30133\include\vector(457): message : 参见“std::_Vector_iterator<std::_Vector_val<std::_Simple_types<_Ty>>>”的声明
          with
          [
              _Ty=DyEngine::Layer *
          ]
  Log.cpp
E:\Github\DyEngine\DyEngine\DyEngine\src\DyEngine\Core.h(14,1): warning C4005: “DY_ENABLE_ASSERTS”: 宏重定义
E:\Github\DyEngine\DyEngine\DyEngine\src\DyPch.cpp : message : 参见“DY_ENABLE_ASSERTS”的前一个定义
E:\Github\DyEngine\DyEngine\DyEngine\src\DyEngine\Log.h(19,42): warning C4251: “DyEngine::Log::s_CoreLogger”: class“std::shared_ptr<spdlog::logger>”需要有 dll 接口由 class“DyEngine::Log”的客户端使用
E:\Github\DyEngine\DyEngine\vendor\spdlog\include\spdlog\details\registry.h(34): message : 参见“std::shared_ptr<spdlog::logger>”的声明
E:\Github\DyEngine\DyEngine\DyEngine\src\DyEngine\Log.h(20,42): warning C4251: “DyEngine::Log::s_ClintLogger”: class“std::shared_ptr<spdlog::logger>”需要有 dll 接口由 class“DyEngine::Log”的客户端使用
E:\Github\DyEngine\DyEngine\vendor\spdlog\include\spdlog\details\registry.h(34): message : 参见“std::shared_ptr<spdlog::logger>”的声明
  Window.cpp
  ImGuiOpenGLRenderer.cpp
E:\Github\DyEngine\DyEngine\vendor\imgui\backends\imgui_impl_opengl3_loader.h(523,1): warning C4005: “glActiveTexture”: 宏重定义
E:\Github\DyEngine\DyEngine\vendor\Glad\include\glad\glad.h(1728): message : 参见“glActiveTexture”的前一个定义
E:\Github\DyEngine\DyEngine\vendor\imgui\backends\imgui_impl_opengl3_loader.h(524,1): warning C4005: “glAttachShader”: 宏重定义
E:\Github\DyEngine\DyEngine\vendor\Glad\include\glad\glad.h(1866): message : 参见“glAttachShader”的前一个定义
E:\Github\DyEngine\DyEngine\vendor\imgui\backends\imgui_impl_opengl3_loader.h(525,1): warning C4005: “glBindBuffer”: 宏重定义
E:\Github\DyEngine\DyEngine\vendor\Glad\include\glad\glad.h(1814): message : 参见“glBindBuffer”的前一个定义
E:\Github\DyEngine\DyEngine\vendor\imgui\backends\imgui_impl_opengl3_loader.h(526,1): warning C4005: “glBindSampler”: 宏重定义
E:\Github\DyEngine\DyEngine\vendor\Glad\include\glad\glad.h(2528): message : 参见“glBindSampler”的前一个定义
E:\Github\DyEngine\DyEngine\vendor\imgui\backends\imgui_impl_opengl3_loader.h(527,1): warning C4005: “glBindTexture”: 宏重定义
E:\Github\DyEngine\DyEngine\vendor\Glad\include\glad\glad.h(1696): message : 参见“glBindTexture”的前一个定义
E:\Github\DyEngine\DyEngine\vendor\imgui\backends\imgui_impl_opengl3_loader.h(528,1): warning C4005: “glBindVertexArray”: 宏重定义
E:\Github\DyEngine\DyEngine\vendor\Glad\include\glad\glad.h(2396): message : 参见“glBindVertexArray”的前一个定义
E:\Github\DyEngine\DyEngine\vendor\imgui\backends\imgui_impl_opengl3_loader.h(529,1): warning C4005: “glBlendEquation”: 宏重定义
E:\Github\DyEngine\DyEngine\vendor\Glad\include\glad\glad.h(1783): message : 参见“glBlendEquation”的前一个定义
E:\Github\DyEngine\DyEngine\vendor\imgui\backends\imgui_impl_opengl3_loader.h(530,1): warning C4005: “glBlendEquationSeparate”: 宏重定义
E:\Github\DyEngine\DyEngine\vendor\Glad\include\glad\glad.h(1851): message : 参见“glBlendEquationSeparate”的前一个定义
E:\Github\DyEngine\DyEngine\vendor\imgui\backends\imgui_impl_opengl3_loader.h(531,1): warning C4005: “glBlendFuncSeparate”: 宏重定义
E:\Github\DyEngine\DyEngine\vendor\Glad\include\glad\glad.h(1759): message : 参见“glBlendFuncSeparate”的前一个定义
E:\Github\DyEngine\DyEngine\vendor\imgui\backends\imgui_impl_opengl3_loader.h(532,1): warning C4005: “glBufferData”: 宏重定义
E:\Github\DyEngine\DyEngine\vendor\Glad\include\glad\glad.h(1826): message : 参见“glBufferData”的前一个定义
E:\Github\DyEngine\DyEngine\vendor\imgui\backends\imgui_impl_opengl3_loader.h(533,1): warning C4005: “glBufferSubData”: 宏重定义
E:\Github\DyEngine\DyEngine\vendor\Glad\include\glad\glad.h(1829): message : 参见“glBufferSubData”的前一个定义
E:\Github\DyEngine\DyEngine\vendor\imgui\backends\imgui_impl_opengl3_loader.h(534,1): warning C4005: “glClear”: 宏重定义
E:\Github\DyEngine\DyEngine\vendor\Glad\include\glad\glad.h(1563): message : 参见“glClear”的前一个定义
E:\Github\DyEngine\DyEngine\vendor\imgui\backends\imgui_impl_opengl3_loader.h(535,1): warning C4005: “glClearColor”: 宏重定义
E:\Github\DyEngine\DyEngine\vendor\Glad\include\glad\glad.h(1566): message : 参见“glClearColor”的前一个定义
E:\Github\DyEngine\DyEngine\vendor\imgui\backends\imgui_impl_opengl3_loader.h(536,1): warning C4005: “glCompileShader”: 宏重定义
E:\Github\DyEngine\DyEngine\vendor\Glad\include\glad\glad.h(1872): message : 参见“glCompileShader”的前一个定义
E:\Github\DyEngine\DyEngine\vendor\imgui\backends\imgui_impl_opengl3_loader.h(537,1): warning C4005: “glCreateProgram”: 宏重定义
E:\Github\DyEngine\DyEngine\vendor\Glad\include\glad\glad.h(1875): message : 参见“glCreateProgram”的前一个定义
E:\Github\DyEngine\DyEngine\vendor\imgui\backends\imgui_impl_opengl3_loader.h(538,1): warning C4005: “glCreateShader”: 宏重定义
E:\Github\DyEngine\DyEngine\vendor\Glad\include\glad\glad.h(1878): message : 参见“glCreateShader”的前一个定义
E:\Github\DyEngine\DyEngine\vendor\imgui\backends\imgui_impl_opengl3_loader.h(539,1): warning C4005: “glDeleteBuffers”: 宏重定义
E:\Github\DyEngine\DyEngine\vendor\Glad\include\glad\glad.h(1817): message : 参见“glDeleteBuffers”的前一个定义
E:\Github\DyEngine\DyEngine\vendor\imgui\backends\imgui_impl_opengl3_loader.h(540,1): warning C4005: “glDeleteProgram”: 宏重定义
E:\Github\DyEngine\DyEngine\vendor\Glad\include\glad\glad.h(1881): message : 参见“glDeleteProgram”的前一个定义
E:\Github\DyEngine\DyEngine\vendor\imgui\backends\imgui_impl_opengl3_loader.h(541,1): warning C4005: “glDeleteShader”: 宏重定义
E:\Github\DyEngine\DyEngine\vendor\Glad\include\glad\glad.h(1884): message : 参见“glDeleteShader”的前一个定义
E:\Github\DyEngine\DyEngine\vendor\imgui\backends\imgui_impl_opengl3_loader.h(542,1): warning C4005: “glDeleteTextures”: 宏重定义
E:\Github\DyEngine\DyEngine\vendor\Glad\include\glad\glad.h(1699): message : 参见“glDeleteTextures”的前一个定义
E:\Github\DyEngine\DyEngine\vendor\imgui\backends\imgui_impl_opengl3_loader.h(543,1): warning C4005: “glDeleteVertexArrays”: 宏重定义
E:\Github\DyEngine\DyEngine\vendor\Glad\include\glad\glad.h(2399): message : 参见“glDeleteVertexArrays”的前一个定义
E:\Github\DyEngine\DyEngine\vendor\imgui\backends\imgui_impl_opengl3_loader.h(544,1): warning C4005: “glDetachShader”: 宏重定义
E:\Github\DyEngine\DyEngine\vendor\Glad\include\glad\glad.h(1887): message : 参见“glDetachShader”的前一个定义
E:\Github\DyEngine\DyEngine\vendor\imgui\backends\imgui_impl_opengl3_loader.h(545,1): warning C4005: “glDisable”: 宏重定义
E:\Github\DyEngine\DyEngine\vendor\Glad\include\glad\glad.h(1584): message : 参见“glDisable”的前一个定义
E:\Github\DyEngine\DyEngine\vendor\imgui\backends\imgui_impl_opengl3_loader.h(546,1): warning C4005: “glDisableVertexAttribArray”: 宏重定义
E:\Github\DyEngine\DyEngine\vendor\Glad\include\glad\glad.h(1890): message : 参见“glDisableVertexAttribArray”的前一个定义
E:\Github\DyEngine\DyEngine\vendor\imgui\backends\imgui_impl_opengl3_loader.h(547,1): warning C4005: “glDrawElements”: 宏重定义
E:\Github\DyEngine\DyEngine\vendor\Glad\include\glad\glad.h(1672): message : 参见“glDrawElements”的前一个定义
E:\Github\DyEngine\DyEngine\vendor\imgui\backends\imgui_impl_opengl3_loader.h(548,1): warning C4005: “glDrawElementsBaseVertex”: 宏重定义
E:\Github\DyEngine\DyEngine\vendor\Glad\include\glad\glad.h(2452): message : 参见“glDrawElementsBaseVertex”的前一个定义
E:\Github\DyEngine\DyEngine\vendor\imgui\backends\imgui_impl_opengl3_loader.h(549,1): warning C4005: “glEnable”: 宏重定义
E:\Github\DyEngine\DyEngine\vendor\Glad\include\glad\glad.h(1587): message : 参见“glEnable”的前一个定义
E:\Github\DyEngine\DyEngine\vendor\imgui\backends\imgui_impl_opengl3_loader.h(550,1): warning C4005: “glEnableVertexAttribArray”: 宏重定义
E:\Github\DyEngine\DyEngine\vendor\Glad\include\glad\glad.h(1893): message : 参见“glEnableVertexAttribArray”的前一个定义
E:\Github\DyEngine\DyEngine\vendor\imgui\backends\imgui_impl_opengl3_loader.h(551,1): warning C4005: “glFlush”: 宏重定义
E:\Github\DyEngine\DyEngine\vendor\Glad\include\glad\glad.h(1593): message : 参见“glFlush”的前一个定义
E:\Github\DyEngine\DyEngine\vendor\imgui\backends\imgui_impl_opengl3_loader.h(552,1): warning C4005: “glGenBuffers”: 宏重定义
E:\Github\DyEngine\DyEngine\vendor\Glad\include\glad\glad.h(1820): message : 参见“glGenBuffers”的前一个定义
E:\Github\DyEngine\DyEngine\vendor\imgui\backends\imgui_impl_opengl3_loader.h(553,1): warning C4005: “glGenTextures”: 宏重定义
E:\Github\DyEngine\DyEngine\vendor\Glad\include\glad\glad.h(1702): message : 参见“glGenTextures”的前一个定义
E:\Github\DyEngine\DyEngine\vendor\imgui\backends\imgui_impl_opengl3_loader.h(554,1): warning C4005: “glGenVertexArrays”: 宏重定义
E:\Github\DyEngine\DyEngine\vendor\Glad\include\glad\glad.h(2402): message : 参见“glGenVertexArrays”的前一个定义
E:\Github\DyEngine\DyEngine\vendor\imgui\backends\imgui_impl_opengl3_loader.h(555,1): warning C4005: “glGetAttribLocation”: 宏重定义
E:\Github\DyEngine\DyEngine\vendor\Glad\include\glad\glad.h(1905): message : 参见“glGetAttribLocation”的前一个定义
E:\Github\DyEngine\DyEngine\vendor\imgui\backends\imgui_impl_opengl3_loader.h(556,1): warning C4005: “glGetError”: 宏重定义
E:\Github\DyEngine\DyEngine\vendor\Glad\include\glad\glad.h(1629): message : 参见“glGetError”的前一个定义
E:\Github\DyEngine\DyEngine\vendor\imgui\backends\imgui_impl_opengl3_loader.h(557,1): warning C4005: “glGetIntegerv”: 宏重定义
E:\Github\DyEngine\DyEngine\vendor\Glad\include\glad\glad.h(1635): message : 参见“glGetIntegerv”的前一个定义
E:\Github\DyEngine\DyEngine\vendor\imgui\backends\imgui_impl_opengl3_loader.h(558,1): warning C4005: “glGetProgramInfoLog”: 宏重定义
E:\Github\DyEngine\DyEngine\vendor\Glad\include\glad\glad.h(1911): message : 参见“glGetProgramInfoLog”的前一个定义
E:\Github\DyEngine\DyEngine\vendor\imgui\backends\imgui_impl_opengl3_loader.h(559,1): warning C4005: “glGetProgramiv”: 宏重定义
E:\Github\DyEngine\DyEngine\vendor\Glad\include\glad\glad.h(1908): message : 参见“glGetProgramiv”的前一个定义
E:\Github\DyEngine\DyEngine\vendor\imgui\backends\imgui_impl_opengl3_loader.h(560,1): warning C4005: “glGetShaderInfoLog”: 宏重定义
E:\Github\DyEngine\DyEngine\vendor\Glad\include\glad\glad.h(1917): message : 参见“glGetShaderInfoLog”的前一个定义
E:\Github\DyEngine\DyEngine\vendor\imgui\backends\imgui_impl_opengl3_loader.h(561,1): warning C4005: “glGetShaderiv”: 宏重定义
E:\Github\DyEngine\DyEngine\vendor\Glad\include\glad\glad.h(1914): message : 参见“glGetShaderiv”的前一个定义
E:\Github\DyEngine\DyEngine\vendor\imgui\backends\imgui_impl_opengl3_loader.h(562,1): warning C4005: “glGetString”: 宏重定义
E:\Github\DyEngine\DyEngine\vendor\Glad\include\glad\glad.h(1638): message : 参见“glGetString”的前一个定义
E:\Github\DyEngine\DyEngine\vendor\imgui\backends\imgui_impl_opengl3_loader.h(563,1): warning C4005: “glGetStringi”: 宏重定义
E:\Github\DyEngine\DyEngine\vendor\Glad\include\glad\glad.h(2327): message : 参见“glGetStringi”的前一个定义
E:\Github\DyEngine\DyEngine\vendor\imgui\backends\imgui_impl_opengl3_loader.h(564,1): warning C4005: “glGetUniformLocation”: 宏重定义
E:\Github\DyEngine\DyEngine\vendor\Glad\include\glad\glad.h(1923): message : 参见“glGetUniformLocation”的前一个定义
E:\Github\DyEngine\DyEngine\vendor\imgui\backends\imgui_impl_opengl3_loader.h(565,1): warning C4005: “glGetVertexAttribPointerv”: 宏重定义
E:\Github\DyEngine\DyEngine\vendor\Glad\include\glad\glad.h(1941): message : 参见“glGetVertexAttribPointerv”的前一个定义
E:\Github\DyEngine\DyEngine\vendor\imgui\backends\imgui_impl_opengl3_loader.h(566,1): warning C4005: “glGetVertexAttribiv”: 宏重定义
E:\Github\DyEngine\DyEngine\vendor\Glad\include\glad\glad.h(1938): message : 参见“glGetVertexAttribiv”的前一个定义
E:\Github\DyEngine\DyEngine\vendor\imgui\backends\imgui_impl_opengl3_loader.h(567,1): warning C4005: “glIsEnabled”: 宏重定义
E:\Github\DyEngine\DyEngine\vendor\Glad\include\glad\glad.h(1656): message : 参见“glIsEnabled”的前一个定义
E:\Github\DyEngine\DyEngine\vendor\imgui\backends\imgui_impl_opengl3_loader.h(568,1): warning C4005: “glLinkProgram”: 宏重定义
E:\Github\DyEngine\DyEngine\vendor\Glad\include\glad\glad.h(1950): message : 参见“glLinkProgram”的前一个定义
E:\Github\DyEngine\DyEngine\vendor\imgui\backends\imgui_impl_opengl3_loader.h(569,1): warning C4005: “glPixelStorei”: 宏重定义
E:\Github\DyEngine\DyEngine\vendor\Glad\include\glad\glad.h(1614): message : 参见“glPixelStorei”的前一个定义
E:\Github\DyEngine\DyEngine\vendor\imgui\backends\imgui_impl_opengl3_loader.h(570,1): warning C4005: “glPolygonMode”: 宏重定义
E:\Github\DyEngine\DyEngine\vendor\Glad\include\glad\glad.h(1536): message : 参见“glPolygonMode”的前一个定义
E:\Github\DyEngine\DyEngine\vendor\imgui\backends\imgui_impl_opengl3_loader.h(571,1): warning C4005: “glReadPixels”: 宏重定义
E:\Github\DyEngine\DyEngine\vendor\Glad\include\glad\glad.h(1620): message : 参见“glReadPixels”的前一个定义
E:\Github\DyEngine\DyEngine\vendor\imgui\backends\imgui_impl_opengl3_loader.h(572,1): warning C4005: “glScissor”: 宏重定义
E:\Github\DyEngine\DyEngine\vendor\Glad\include\glad\glad.h(1539): message : 参见“glScissor”的前一个定义
E:\Github\DyEngine\DyEngine\vendor\imgui\backends\imgui_impl_opengl3_loader.h(573,1): warning C4005: “glShaderSource”: 宏重定义
E:\Github\DyEngine\DyEngine\vendor\Glad\include\glad\glad.h(1953): message : 参见“glShaderSource”的前一个定义
E:\Github\DyEngine\DyEngine\vendor\imgui\backends\imgui_impl_opengl3_loader.h(574,1): warning C4005: “glTexImage2D”: 宏重定义
E:\Github\DyEngine\DyEngine\vendor\Glad\include\glad\glad.h(1557): message : 参见“glTexImage2D”的前一个定义
E:\Github\DyEngine\DyEngine\vendor\imgui\backends\imgui_impl_opengl3_loader.h(575,1): warning C4005: “glTexParameteri”: 宏重定义
E:\Github\DyEngine\DyEngine\vendor\Glad\include\glad\glad.h(1548): message : 参见“glTexParameteri”的前一个定义
E:\Github\DyEngine\DyEngine\vendor\imgui\backends\imgui_impl_opengl3_loader.h(576,1): warning C4005: “glUniform1i”: 宏重定义
E:\Github\DyEngine\DyEngine\vendor\Glad\include\glad\glad.h(1971): message : 参见“glUniform1i”的前一个定义
E:\Github\DyEngine\DyEngine\vendor\imgui\backends\imgui_impl_opengl3_loader.h(577,1): warning C4005: “glUniformMatrix4fv”: 宏重定义
E:\Github\DyEngine\DyEngine\vendor\Glad\include\glad\glad.h(2013): message : 参见“glUniformMatrix4fv”的前一个定义
E:\Github\DyEngine\DyEngine\vendor\imgui\backends\imgui_impl_opengl3_loader.h(578,1): warning C4005: “glUseProgram”: 宏重定义
E:\Github\DyEngine\DyEngine\vendor\Glad\include\glad\glad.h(1956): message : 参见“glUseProgram”的前一个定义
E:\Github\DyEngine\DyEngine\vendor\imgui\backends\imgui_impl_opengl3_loader.h(579,1): warning C4005: “glVertexAttribPointer”: 宏重定义
E:\Github\DyEngine\DyEngine\vendor\Glad\include\glad\glad.h(2127): message : 参见“glVertexAttribPointer”的前一个定义
E:\Github\DyEngine\DyEngine\vendor\imgui\backends\imgui_impl_opengl3_loader.h(580,1): warning C4005: “glViewport”: 宏重定义
E:\Github\DyEngine\DyEngine\vendor\Glad\include\glad\glad.h(1662): message : 参见“glViewport”的前一个定义
E:\Github\DyEngine\DyEngine\DyEngine\src\Platform\OpenGL\ImGuiOpenGLRenderer.cpp(264,9): warning C4996: 'sscanf': This function or variable may be unsafe. Consider using sscanf_s instead. To disable deprecation, use _CRT_SECURE_NO_WARNINGS. See online help for details.
E:\Github\DyEngine\DyEngine\DyEngine\src\Platform\OpenGL\ImGuiOpenGLRenderer.cpp(299,5): warning C4996: 'strcpy': This function or variable may be unsafe. Consider using strcpy_s instead. To disable deprecation, use _CRT_SECURE_NO_WARNINGS. See online help for details.
E:\Github\DyEngine\DyEngine\DyEngine\src\Platform\OpenGL\ImGuiOpenGLRenderer.cpp(300,5): warning C4996: 'strcat': This function or variable may be unsafe. Consider using strcat_s instead. To disable deprecation, use _CRT_SECURE_NO_WARNINGS. See online help for details.
E:\Github\DyEngine\DyEngine\DyEngine\src\Platform\OpenGL\ImGuiOpenGLRenderer.cpp(688,5): warning C4996: 'sscanf': This function or variable may be unsafe. Consider using sscanf_s instead. To disable deprecation, use _CRT_SECURE_NO_WARNINGS. See online help for details.
  WindowsWindow.cpp
E:\Github\DyEngine\DyEngine\DyEngine\src\DyEngine\Core.h(14,1): warning C4005: “DY_ENABLE_ASSERTS”: 宏重定义
E:\Github\DyEngine\DyEngine\DyEngine\src\DyPch.cpp : message : 参见“DY_ENABLE_ASSERTS”的前一个定义
E:\Github\DyEngine\DyEngine\DyEngine\src\DyEngine\Events\Event.h(1,1): warning C4819: 该文件包含不能在当前代码页(936)中表示的字符。请将该文件保存为 Unicode 格式以防止数据丢失
E:\Github\DyEngine\DyEngine\DyEngine\src\DyEngine\Log.h(19,42): warning C4251: “DyEngine::Log::s_CoreLogger”: class“std::shared_ptr<spdlog::logger>”需要有 dll 接口由 class“DyEngine::Log”的客户端使用
E:\Github\DyEngine\DyEngine\vendor\spdlog\include\spdlog\details\registry.h(34): message : 参见“std::shared_ptr<spdlog::logger>”的声明
E:\Github\DyEngine\DyEngine\DyEngine\src\DyEngine\Log.h(20,42): warning C4251: “DyEngine::Log::s_ClintLogger”: class“std::shared_ptr<spdlog::logger>”需要有 dll 接口由 class“DyEngine::Log”的客户端使用
E:\Github\DyEngine\DyEngine\vendor\spdlog\include\spdlog\details\registry.h(34): message : 参见“std::shared_ptr<spdlog::logger>”的声明
E:\Github\DyEngine\DyEngine\DyEngine\src\DyEngine\Events\KeyEvent.h(14,2): warning C4275: 非 dll 接口 class“DyEngine::Event”用作 dll 接口 class“DyEngine::KeyEvent”的基
E:\Github\DyEngine\DyEngine\DyEngine\src\DyEngine\Events\Event.h(56): message : 参见“DyEngine::Event”的声明
E:\Github\DyEngine\DyEngine\DyEngine\src\DyEngine\Events\KeyEvent.h(13): message : 参见“DyEngine::KeyEvent”的声明
  WindowsInput.cpp
E:\Github\DyEngine\DyEngine\DyEngine\src\DyEngine\Core.h(14,1): warning C4005: “DY_ENABLE_ASSERTS”: 宏重定义
E:\Github\DyEngine\DyEngine\DyEngine\src\DyPch.cpp : message : 参见“DY_ENABLE_ASSERTS”的前一个定义
E:\Github\DyEngine\DyEngine\DyEngine\src\DyEngine\Events\Event.h(1,1): warning C4819: 该文件包含不能在当前代码页(936)中表示的字符。请将该文件保存为 Unicode 格式以防止数据丢失
E:\Github\DyEngine\DyEngine\DyEngine\src\DyEngine\Log.h(19,42): warning C4251: “DyEngine::Log::s_CoreLogger”: class“std::shared_ptr<spdlog::logger>”需要有 dll 接口由 class“DyEngine::Log”的客户端使用
E:\Github\DyEngine\DyEngine\vendor\spdlog\include\spdlog\details\registry.h(34): message : 参见“std::shared_ptr<spdlog::logger>”的声明
E:\Github\DyEngine\DyEngine\DyEngine\src\DyEngine\Log.h(20,42): warning C4251: “DyEngine::Log::s_ClintLogger”: class“std::shared_ptr<spdlog::logger>”需要有 dll 接口由 class“DyEngine::Log”的客户端使用
E:\Github\DyEngine\DyEngine\vendor\spdlog\include\spdlog\details\registry.h(34): message : 参见“std::shared_ptr<spdlog::logger>”的声明
E:\Github\DyEngine\DyEngine\DyEngine\src\DyEngine\Layer.h(24,15): warning C4251: “DyEngine::Layer::m_DebugName”: class“std::basic_string<char,std::char_traits<char>,std::allocator<char>>”需要有 dll 接口由 class“DyEngine::Layer”的客户端使用
C:\Program Files (x86)\Microsoft Visual Studio\2019\Community\VC\Tools\MSVC\14.29.30133\include\xstring(4871): message : 参见“std::basic_string<char,std::char_traits<char>,std::allocator<char>>”的声明
E:\Github\DyEngine\DyEngine\DyEngine\src\DyEngine\LayerStack.h(24,22): warning C4251: “DyEngine::LayerStack::m_Layers”: class“std::vector<DyEngine::Layer *,std::allocator<DyEngine::Layer *>>”需要有 dll 接口由 class“DyEngine::LayerStack”的客户端使用
E:\Github\DyEngine\DyEngine\DyEngine\src\DyEngine\LayerStack.h(20): message : 参见“std::vector<DyEngine::Layer *,std::allocator<DyEngine::Layer *>>”的声明
E:\Github\DyEngine\DyEngine\DyEngine\src\DyEngine\LayerStack.h(25,33): warning C4251: “DyEngine::LayerStack::m_LayerInsert”: class“std::_Vector_iterator<std::_Vector_val<std::_Simple_types<_Ty>>>”需要有 dll 接口由 class“DyEngine::LayerStack”的客户端使用
          with
          [
              _Ty=DyEngine::Layer *
          ]
C:\Program Files (x86)\Microsoft Visual Studio\2019\Community\VC\Tools\MSVC\14.29.30133\include\vector(457): message : 参见“std::_Vector_iterator<std::_Vector_val<std::_Simple_types<_Ty>>>”的声明
          with
          [
              _Ty=DyEngine::Layer *
          ]
E:\Github\DyEngine\DyEngine\DyEngine\src\DyEngine\Application.h(30,27): warning C4251: “DyEngine::Application::m_Window”: class“std::unique_ptr<DyEngine::Window,std::default_delete<DyEngine::Window>>”需要有 dll 接口由 class“DyEngine::Application”的客户端使用
E:\Github\DyEngine\DyEngine\DyEngine\src\DyEngine\Application.h(30): message : 参见“std::unique_ptr<DyEngine::Window,std::default_delete<DyEngine::Window>>”的声明
  正在生成代码...
    正在创建库 ..\bin\Debug-windows-x86\DyEngine\DyEngine.lib 和对象 ..\bin\Debug-windows-x86\DyEngine\DyEngine.exp
LINK : warning LNK4098: 默认库“LIBCMT”与其他库的使用冲突；请使用 /NODEFAULTLIB:library
LINK : warning LNK4098: 默认库“LIBCMTD”与其他库的使用冲突；请使用 /NODEFAULTLIB:library
  DyEngine.vcxproj -> E:\Github\DyEngine\bin\Debug-windows-x86\DyEngine\DyEngine.dll
