e:\github\dyengine\bin-int\debug-windows-x86\dyengine\dyengine.pch
e:\github\dyengine\bin-int\debug-windows-x86\dyengine\vc142.pdb
e:\github\dyengine\bin-int\debug-windows-x86\dyengine\vc142.idb
e:\github\dyengine\bin-int\debug-windows-x86\dyengine\dypch.obj
e:\github\dyengine\bin-int\debug-windows-x86\dyengine\windowswindow.obj
e:\github\dyengine\bin-int\debug-windows-x86\dyengine\imguiopenglrenderer.obj
e:\github\dyengine\bin-int\debug-windows-x86\dyengine\window.obj
e:\github\dyengine\bin-int\debug-windows-x86\dyengine\log.obj
e:\github\dyengine\bin-int\debug-windows-x86\dyengine\layerstack.obj
e:\github\dyengine\bin-int\debug-windows-x86\dyengine\layer.obj
e:\github\dyengine\bin-int\debug-windows-x86\dyengine\imguilayer.obj
e:\github\dyengine\bin-int\debug-windows-x86\dyengine\imgui.obj
e:\github\dyengine\bin-int\debug-windows-x86\dyengine\application.obj
e:\github\dyengine\bin-int\debug-windows-x86\dyengine\dyengine.tlog\cl.command.1.tlog
e:\github\dyengine\bin-int\debug-windows-x86\dyengine\dyengine.tlog\cl.read.1.tlog
e:\github\dyengine\bin-int\debug-windows-x86\dyengine\dyengine.tlog\cl.write.1.tlog
e:\github\dyengine\bin-int\debug-windows-x86\dyengine\dyengine.tlog\link-cvtres.read.1.tlog
e:\github\dyengine\bin-int\debug-windows-x86\dyengine\dyengine.tlog\link-cvtres.write.1.tlog
e:\github\dyengine\bin-int\debug-windows-x86\dyengine\dyengine.tlog\link-rc.read.1.tlog
e:\github\dyengine\bin-int\debug-windows-x86\dyengine\dyengine.tlog\link-rc.write.1.tlog
e:\github\dyengine\bin-int\debug-windows-x86\dyengine\dyengine.tlog\link.command.1.tlog
e:\github\dyengine\bin-int\debug-windows-x86\dyengine\dyengine.tlog\link.read.1.tlog
e:\github\dyengine\bin-int\debug-windows-x86\dyengine\dyengine.tlog\link.write.1.tlog
