cl : 命令行 warning D9025: 正在重写“/MTd”(用“/MDd”)
  SandboxApp.cpp
E:\Github\DyEngine\DyEngine\DyEngine\src\DyEngine\Core.h(1,1): warning C4819: 该文件包含不能在当前代码页(936)中表示的字符。请将该文件保存为 Unicode 格式以防止数据丢失
E:\Github\DyEngine\DyEngine\DyEngine\src\DyEngine\Events\Event.h(1,1): warning C4819: 该文件包含不能在当前代码页(936)中表示的字符。请将该文件保存为 Unicode 格式以防止数据丢失
E:\Github\DyEngine\DyEngine\DyEngine\src\DyEngine\Log.h(19,42): warning C4251: “DyEngine::Log::s_CoreLogger”: class“std::shared_ptr<spdlog::logger>”需要有 dll 接口由 class“DyEngine::Log”的客户端使用
E:\Github\DyEngine\DyEngine\vendor\spdlog\include\spdlog\details\registry.h(34): message : 参见“std::shared_ptr<spdlog::logger>”的声明
E:\Github\DyEngine\DyEngine\DyEngine\src\DyEngine\Log.h(20,42): warning C4251: “DyEngine::Log::s_ClintLogger”: class“std::shared_ptr<spdlog::logger>”需要有 dll 接口由 class“DyEngine::Log”的客户端使用
E:\Github\DyEngine\DyEngine\vendor\spdlog\include\spdlog\details\registry.h(34): message : 参见“std::shared_ptr<spdlog::logger>”的声明
E:\Github\DyEngine\DyEngine\DyEngine\src\DyEngine\Layer.h(24,15): warning C4251: “DyEngine::Layer::m_DebugName”: class“std::basic_string<char,std::char_traits<char>,std::allocator<char>>”需要有 dll 接口由 class“DyEngine::Layer”的客户端使用
C:\Program Files (x86)\Microsoft Visual Studio\2019\Community\VC\Tools\MSVC\14.29.30133\include\xstring(4871): message : 参见“std::basic_string<char,std::char_traits<char>,std::allocator<char>>”的声明
E:\Github\DyEngine\DyEngine\DyEngine\src\DyEngine\LayerStack.h(24,22): warning C4251: “DyEngine::LayerStack::m_Layers”: class“std::vector<DyEngine::Layer *,std::allocator<DyEngine::Layer *>>”需要有 dll 接口由 class“DyEngine::LayerStack”的客户端使用
E:\Github\DyEngine\DyEngine\DyEngine\src\DyEngine\LayerStack.h(20): message : 参见“std::vector<DyEngine::Layer *,std::allocator<DyEngine::Layer *>>”的声明
E:\Github\DyEngine\DyEngine\DyEngine\src\DyEngine\LayerStack.h(25,33): warning C4251: “DyEngine::LayerStack::m_LayerInsert”: class“std::_Vector_iterator<std::_Vector_val<std::_Simple_types<_Ty>>>”需要有 dll 接口由 class“DyEngine::LayerStack”的客户端使用
          with
          [
              _Ty=DyEngine::Layer *
          ]
C:\Program Files (x86)\Microsoft Visual Studio\2019\Community\VC\Tools\MSVC\14.29.30133\include\vector(457): message : 参见“std::_Vector_iterator<std::_Vector_val<std::_Simple_types<_Ty>>>”的声明
          with
          [
              _Ty=DyEngine::Layer *
          ]
E:\Github\DyEngine\DyEngine\DyEngine\src\DyEngine\Application.h(26,27): warning C4251: “DyEngine::Application::m_Window”: class“std::unique_ptr<DyEngine::Window,std::default_delete<DyEngine::Window>>”需要有 dll 接口由 class“DyEngine::Application”的客户端使用
E:\Github\DyEngine\DyEngine\DyEngine\src\DyEngine\Application.h(26): message : 参见“std::unique_ptr<DyEngine::Window,std::default_delete<DyEngine::Window>>”的声明
  SandBox.vcxproj -> E:\Github\DyEngine\bin\Debug-windows-x86\SandBox\SandBox.exe
